android/app/build/intermediates/manifest_merge_blame_file/debug/manifest-merger-blame-debug-report.txt
1<?xml version="1.0" encoding="utf-8"?>
2<manifest xmlns:android="http://schemas.android.com/apk/res/android"
3    package="com.shejiao"
4    android:versionCode="1"
5    android:versionName="1.0" >
6
7    <uses-sdk
8        android:minSdkVersion="21"
9        android:targetSdkVersion="29" />
10
11    <uses-permission android:name="android.permission.SYSTEM_ALERT_WINDOW" />
11-->src\debug\AndroidManifest.xml:5:5-77
11-->src\debug\AndroidManifest.xml:5:22-75
12    <uses-permission android:name="android.permission.INTERNET" />
12-->src\main\AndroidManifest.xml:4:5-67
12-->src\main\AndroidManifest.xml:4:22-64
13
14    <permission
14-->[:jmessage-react-plugin] AndroidManifest.xml:13:5-15:47
15        android:name="com.shejiao.permission.JPUSH_MESSAGE"
15-->[:jmessage-react-plugin] AndroidManifest.xml:14:9-65
16        android:protectionLevel="signature" /> <!-- Required  一些系统要求的权限，如访问网络等 -->
16-->[:jmessage-react-plugin] AndroidManifest.xml:15:9-44
17    <uses-permission android:name="com.shejiao.permission.JPUSH_MESSAGE" />
17-->[:jmessage-react-plugin] AndroidManifest.xml:18:5-81
17-->[:jmessage-react-plugin] AndroidManifest.xml:18:22-78
18    <uses-permission android:name="android.permission.RECEIVE_USER_PRESENT" />
18-->[:jmessage-react-plugin] AndroidManifest.xml:19:5-79
18-->[:jmessage-react-plugin] AndroidManifest.xml:19:22-76
19    <uses-permission android:name="android.permission.WAKE_LOCK" />
19-->[:jmessage-react-plugin] AndroidManifest.xml:21:5-68
19-->[:jmessage-react-plugin] AndroidManifest.xml:21:22-65
20    <uses-permission android:name="android.permission.READ_PHONE_STATE" />
20-->[:jmessage-react-plugin] AndroidManifest.xml:22:5-75
20-->[:jmessage-react-plugin] AndroidManifest.xml:22:22-72
21    <uses-permission android:name="android.permission.WRITE_EXTERNAL_STORAGE" />
21-->[:jmessage-react-plugin] AndroidManifest.xml:23:5-81
21-->[:jmessage-react-plugin] AndroidManifest.xml:23:22-78
22    <uses-permission android:name="android.permission.READ_EXTERNAL_STORAGE" />
22-->[:jmessage-react-plugin] AndroidManifest.xml:24:5-80
22-->[:jmessage-react-plugin] AndroidManifest.xml:24:22-77
23    <uses-permission android:name="android.permission.WRITE_SETTINGS" />
23-->[:jmessage-react-plugin] AndroidManifest.xml:25:5-73
23-->[:jmessage-react-plugin] AndroidManifest.xml:25:22-70
24    <uses-permission android:name="android.permission.VIBRATE" />
24-->[:jmessage-react-plugin] AndroidManifest.xml:26:5-66
24-->[:jmessage-react-plugin] AndroidManifest.xml:26:22-63
25    <uses-permission android:name="android.permission.MOUNT_UNMOUNT_FILESYSTEMS" />
25-->[:jmessage-react-plugin] AndroidManifest.xml:27:5-84
25-->[:jmessage-react-plugin] AndroidManifest.xml:27:22-81
26    <uses-permission android:name="android.permission.ACCESS_NETWORK_STATE" />
26-->[:jmessage-react-plugin] AndroidManifest.xml:28:5-79
26-->[:jmessage-react-plugin] AndroidManifest.xml:28:22-76
27    <uses-permission android:name="android.permission.ACCESS_WIFI_STATE" />
27-->[:jmessage-react-plugin] AndroidManifest.xml:29:5-76
27-->[:jmessage-react-plugin] AndroidManifest.xml:29:22-73
28    <uses-permission android:name="android.permission.CAMERA" />
28-->[:jmessage-react-plugin] AndroidManifest.xml:31:5-65
28-->[:jmessage-react-plugin] AndroidManifest.xml:31:22-62
29
30    <uses-feature
30-->[:jmessage-react-plugin] AndroidManifest.xml:33:5-35:35
31        android:name="android.hardware.camera"
31-->[:jmessage-react-plugin] AndroidManifest.xml:34:9-47
32        android:required="true" />
32-->[:jmessage-react-plugin] AndroidManifest.xml:35:9-32
33    <uses-feature android:name="android.hardware.camera.autofocus" /> <!-- JMessage Demo required for record audio -->
33-->[:jmessage-react-plugin] AndroidManifest.xml:36:5-70
33-->[:jmessage-react-plugin] AndroidManifest.xml:36:19-67
34    <uses-permission android:name="android.permission.RECORD_AUDIO" />
34-->[:jmessage-react-plugin] AndroidManifest.xml:39:5-71
34-->[:jmessage-react-plugin] AndroidManifest.xml:39:22-68
35    <uses-permission android:name="android.permission.MODIFY_AUDIO_SETTINGS" /> <!-- Optional. Required for location feature -->
35-->[:jmessage-react-plugin] AndroidManifest.xml:40:5-80
35-->[:jmessage-react-plugin] AndroidManifest.xml:40:22-77
36    <uses-permission android:name="android.permission.ACCESS_BACKGROUND_LOCATION" />
36-->[:jpush-react-native] AndroidManifest.xml:27:5-85
36-->[:jpush-react-native] AndroidManifest.xml:27:22-82
37    <uses-permission android:name="android.permission.ACCESS_COARSE_LOCATION" />
37-->[:jpush-react-native] AndroidManifest.xml:29:5-81
37-->[:jpush-react-native] AndroidManifest.xml:29:22-78
38    <uses-permission android:name="android.permission.CHANGE_WIFI_STATE" />
38-->[:jpush-react-native] AndroidManifest.xml:30:5-76
38-->[:jpush-react-native] AndroidManifest.xml:30:22-73
39    <uses-permission android:name="android.permission.ACCESS_FINE_LOCATION" />
39-->[:jpush-react-native] AndroidManifest.xml:31:5-79
39-->[:jpush-react-native] AndroidManifest.xml:31:22-76
40    <uses-permission android:name="android.permission.ACCESS_LOCATION_EXTRA_COMMANDS" />
40-->[:jpush-react-native] AndroidManifest.xml:32:5-89
40-->[:jpush-react-native] AndroidManifest.xml:32:22-86
41    <uses-permission android:name="android.permission.CHANGE_NETWORK_STATE" />
41-->[:jpush-react-native] AndroidManifest.xml:33:5-79
41-->[:jpush-react-native] AndroidManifest.xml:33:22-76
42    <uses-permission android:name="android.permission.GET_TASKS" />
42-->[:jpush-react-native] AndroidManifest.xml:34:5-68
42-->[:jpush-react-native] AndroidManifest.xml:34:22-65
43    <uses-permission android:name="android.permission.QUERY_ALL_PACKAGES" />
43-->[:jpush-react-native] AndroidManifest.xml:36:5-77
43-->[:jpush-react-native] AndroidManifest.xml:36:22-74
44
45    <queries>
45-->[:react-native-image-crop-picker] AndroidManifest.xml:10:5-14:15
46        <intent>
46-->[:react-native-image-crop-picker] AndroidManifest.xml:11:9-13:18
47            <action android:name="android.media.action.IMAGE_CAPTURE" />
47-->[:react-native-image-crop-picker] AndroidManifest.xml:12:13-73
47-->[:react-native-image-crop-picker] AndroidManifest.xml:12:21-70
48        </intent>
49    </queries>
50
51    <uses-permission android:name="android.permission.BLUETOOTH" />
51-->[:react-native-amap-geolocation] AndroidManifest.xml:18:5-68
51-->[:react-native-amap-geolocation] AndroidManifest.xml:18:22-65
52    <uses-permission android:name="android.permission.BLUETOOTH_ADMIN" />
52-->[:react-native-amap-geolocation] AndroidManifest.xml:19:5-74
52-->[:react-native-amap-geolocation] AndroidManifest.xml:19:22-71
53
54    <application
54-->src\main\AndroidManifest.xml:6:5-27:19
55        android:name="com.shejiao.MainApplication"
55-->src\main\AndroidManifest.xml:7:7-38
56        android:allowBackup="false"
56-->src\main\AndroidManifest.xml:11:7-34
57        android:appComponentFactory="androidx.core.app.CoreComponentFactory"
57-->[androidx.core:core:1.1.0] AndroidManifest.xml:24:18-86
58        android:debuggable="true"
59        android:icon="@mipmap/ic_launcher"
59-->src\main\AndroidManifest.xml:9:7-41
60        android:label="@string/app_name"
60-->src\main\AndroidManifest.xml:8:7-39
61        android:roundIcon="@mipmap/ic_launcher_round"
61-->src\main\AndroidManifest.xml:10:7-52
62        android:theme="@style/AppTheme"
62-->src\main\AndroidManifest.xml:12:7-38
63        android:usesCleartextTraffic="true" >
63-->src\debug\AndroidManifest.xml:8:9-44
64        <activity android:name="com.facebook.react.devsupport.DevSettingsActivity" />
64-->src\debug\AndroidManifest.xml:11:9-86
64-->src\debug\AndroidManifest.xml:11:19-83
65        <activity
65-->src\main\AndroidManifest.xml:13:7-23:18
66            android:name="com.shejiao.MainActivity"
66-->src\main\AndroidManifest.xml:14:9-37
67            android:configChanges="keyboard|keyboardHidden|orientation|screenSize|uiMode"
67-->src\main\AndroidManifest.xml:16:9-86
68            android:label="@string/app_name"
68-->src\main\AndroidManifest.xml:15:9-41
69            android:launchMode="singleTask"
69-->src\main\AndroidManifest.xml:17:9-40
70            android:windowSoftInputMode="adjustResize" >
70-->src\main\AndroidManifest.xml:18:9-51
71            <intent-filter>
71-->src\main\AndroidManifest.xml:19:9-22:25
72                <action android:name="android.intent.action.MAIN" />
72-->src\main\AndroidManifest.xml:20:13-65
72-->src\main\AndroidManifest.xml:20:21-62
73
74                <category android:name="android.intent.category.LAUNCHER" />
74-->src\main\AndroidManifest.xml:21:13-73
74-->src\main\AndroidManifest.xml:21:23-70
75            </intent-filter>
76        </activity> <!-- 极光的配置 -->
77        <meta-data
78            android:name="JPUSH_CHANNEL"
79            android:value="developer-default" />
80        <meta-data
81            android:name="JPUSH_APPKEY"
82            android:value="edaf7be55aaed663a3c2d995" /> <!-- Required Push SDK核心功能 -->
83        <service
83-->[:jmessage-react-plugin] AndroidManifest.xml:45:9-56:19
84            android:name="cn.jpush.android.service.PushService"
84-->[:jmessage-react-plugin] AndroidManifest.xml:46:13-64
85            android:enabled="true"
85-->[:jmessage-react-plugin] AndroidManifest.xml:47:13-35
86            android:exported="false"
86-->[:jmessage-react-plugin] AndroidManifest.xml:48:13-37
87            android:process=":remote" >
87-->[:jmessage-react-plugin] AndroidManifest.xml:49:13-38
88            <intent-filter>
88-->[:jmessage-react-plugin] AndroidManifest.xml:50:13-55:29
89                <action android:name="cn.jpush.android.intent.REGISTER" />
89-->[:jmessage-react-plugin] AndroidManifest.xml:51:17-75
89-->[:jmessage-react-plugin] AndroidManifest.xml:51:25-72
90                <action android:name="cn.jpush.android.intent.REPORT" />
90-->[:jmessage-react-plugin] AndroidManifest.xml:52:17-73
90-->[:jmessage-react-plugin] AndroidManifest.xml:52:25-70
91                <action android:name="cn.jpush.android.intent.PushService" />
91-->[:jmessage-react-plugin] AndroidManifest.xml:53:17-78
91-->[:jmessage-react-plugin] AndroidManifest.xml:53:25-75
92                <action android:name="cn.jpush.android.intent.PUSH_TIME" />
92-->[:jmessage-react-plugin] AndroidManifest.xml:54:17-76
92-->[:jmessage-react-plugin] AndroidManifest.xml:54:25-73
93            </intent-filter>
94        </service> <!-- Required Push SDK核心功能 -->
95        <receiver
95-->[:jmessage-react-plugin] AndroidManifest.xml:59:9-78:20
96            android:name="cn.jpush.android.service.PushReceiver"
96-->[:jmessage-react-plugin] AndroidManifest.xml:60:13-65
97            android:enabled="true"
97-->[:jmessage-react-plugin] AndroidManifest.xml:61:13-35
98            android:exported="false" >
98-->[:jcore-react-native] AndroidManifest.xml:18:13-37
99            <intent-filter android:priority="1000" >
99-->[:jmessage-react-plugin] AndroidManifest.xml:62:13-66:29
99-->[:jmessage-react-plugin] AndroidManifest.xml:62:28-51
100                <action android:name="cn.jpush.android.intent.NOTIFICATION_RECEIVED_PROXY" />
100-->[:jmessage-react-plugin] AndroidManifest.xml:63:17-94
100-->[:jmessage-react-plugin] AndroidManifest.xml:63:25-91
101
102                <category android:name="com.shejiao" />
102-->[:jmessage-react-plugin] AndroidManifest.xml:65:17-61
102-->[:jmessage-react-plugin] AndroidManifest.xml:65:27-58
103            </intent-filter>
104            <intent-filter>
104-->[:jmessage-react-plugin] AndroidManifest.xml:67:13-70:29
105                <action android:name="android.intent.action.USER_PRESENT" />
105-->[:jmessage-react-plugin] AndroidManifest.xml:68:17-77
105-->[:jmessage-react-plugin] AndroidManifest.xml:68:25-74
106                <action android:name="android.net.conn.CONNECTIVITY_CHANGE" />
106-->[:jmessage-react-plugin] AndroidManifest.xml:69:17-79
106-->[:jmessage-react-plugin] AndroidManifest.xml:69:25-76
107            </intent-filter>
108            <!-- Optional -->
109            <intent-filter>
109-->[:jmessage-react-plugin] AndroidManifest.xml:72:13-77:29
110                <action android:name="android.intent.action.PACKAGE_ADDED" />
110-->[:jmessage-react-plugin] AndroidManifest.xml:73:17-78
110-->[:jmessage-react-plugin] AndroidManifest.xml:73:25-75
111                <action android:name="android.intent.action.PACKAGE_REMOVED" />
111-->[:jmessage-react-plugin] AndroidManifest.xml:74:17-80
111-->[:jmessage-react-plugin] AndroidManifest.xml:74:25-77
112
113                <data android:scheme="package" />
113-->[:jmessage-react-plugin] AndroidManifest.xml:76:17-50
113-->[:jmessage-react-plugin] AndroidManifest.xml:76:23-47
114            </intent-filter>
115        </receiver> <!-- Required Push SDK核心功能 -->
116        <receiver
116-->[:jmessage-react-plugin] AndroidManifest.xml:81:9-75
117            android:name="cn.jpush.android.service.AlarmReceiver"
117-->[:jmessage-react-plugin] AndroidManifest.xml:81:19-72
118            android:exported="false" /> <!-- IM Required IM SDK核心功能 -->
118-->[:jcore-react-native] AndroidManifest.xml:14:13-37
119        <receiver
119-->[:jmessage-react-plugin] AndroidManifest.xml:84:9-94:20
120            android:name="cn.jpush.im.android.helpers.IMReceiver"
120-->[:jmessage-react-plugin] AndroidManifest.xml:85:13-66
121            android:enabled="true"
121-->[:jmessage-react-plugin] AndroidManifest.xml:86:13-35
122            android:exported="false" >
122-->[:jmessage-react-plugin] AndroidManifest.xml:87:13-37
123            <intent-filter android:priority="1000" >
123-->[:jmessage-react-plugin] AndroidManifest.xml:88:13-93:29
123-->[:jmessage-react-plugin] AndroidManifest.xml:88:28-51
124                <action android:name="cn.jpush.im.android.action.IM_RESPONSE" />
124-->[:jmessage-react-plugin] AndroidManifest.xml:89:17-81
124-->[:jmessage-react-plugin] AndroidManifest.xml:89:25-78
125                <action android:name="cn.jpush.im.android.action.NOTIFICATION_CLICK_PROXY" />
125-->[:jmessage-react-plugin] AndroidManifest.xml:90:17-94
125-->[:jmessage-react-plugin] AndroidManifest.xml:90:25-91
126
127                <category android:name="com.shejiao" />
127-->[:jmessage-react-plugin] AndroidManifest.xml:65:17-61
127-->[:jmessage-react-plugin] AndroidManifest.xml:65:27-58
128            </intent-filter>
129        </receiver> <!-- Required since JMessage 2.7.0 SDK 核心功能 -->
130        <provider
130-->[:jmessage-react-plugin] AndroidManifest.xml:99:9-102:40
131            android:name="cn.jpush.im.android.helpers.ipc.IMProvider"
131-->[:jmessage-react-plugin] AndroidManifest.xml:100:13-70
132            android:authorities="com.shejiao.IMProvider"
132-->[:jmessage-react-plugin] AndroidManifest.xml:101:13-62
133            android:exported="false" />
133-->[:jmessage-react-plugin] AndroidManifest.xml:102:13-37
134
135        <service
135-->[:jcore-react-native] AndroidManifest.xml:46:9-52:19
136            android:name="cn.jiguang.plugins.service.JCoreModuleService"
136-->[:jcore-react-native] AndroidManifest.xml:47:13-73
137            android:exported="true" >
137-->[:jcore-react-native] AndroidManifest.xml:48:13-36
138            <intent-filter>
138-->[:jcore-react-native] AndroidManifest.xml:49:13-51:29
139                <action android:name="cn.jiguang.user.service.action" />
139-->[:jcore-react-native] AndroidManifest.xml:50:17-73
139-->[:jcore-react-native] AndroidManifest.xml:50:25-70
140            </intent-filter>
141        </service>
142
143        <activity
143-->[:jpush-react-native] AndroidManifest.xml:39:9-42:52
144            android:name="cn.jpush.android.ui.PopWinActivity"
144-->[:jpush-react-native] AndroidManifest.xml:40:13-62
145            android:exported="false"
145-->[:jpush-react-native] AndroidManifest.xml:41:13-37
146            android:theme="@style/MyDialogStyle" />
146-->[:jpush-react-native] AndroidManifest.xml:42:13-49
147        <activity
147-->[:jpush-react-native] AndroidManifest.xml:43:9-54:20
148            android:name="cn.jpush.android.ui.PushActivity"
148-->[:jpush-react-native] AndroidManifest.xml:44:13-60
149            android:configChanges="orientation|keyboardHidden"
149-->[:jpush-react-native] AndroidManifest.xml:45:13-63
150            android:exported="true"
150-->[:jpush-react-native] AndroidManifest.xml:46:13-36
151            android:theme="@android:style/Theme.NoTitleBar" >
151-->[:jpush-react-native] AndroidManifest.xml:47:13-60
152            <intent-filter>
152-->[:jpush-react-native] AndroidManifest.xml:48:13-53:29
153                <action android:name="cn.jpush.android.ui.PushActivity" />
153-->[:jpush-react-native] AndroidManifest.xml:49:17-75
153-->[:jpush-react-native] AndroidManifest.xml:49:25-72
154
155                <category android:name="android.intent.category.DEFAULT" />
155-->[:jpush-react-native] AndroidManifest.xml:51:17-76
155-->[:jpush-react-native] AndroidManifest.xml:51:27-73
156                <category android:name="com.shejiao" />
156-->[:jmessage-react-plugin] AndroidManifest.xml:65:17-61
156-->[:jmessage-react-plugin] AndroidManifest.xml:65:27-58
157            </intent-filter>
158        </activity>
159        <activity
159-->[:jpush-react-native] AndroidManifest.xml:55:9-66:20
160            android:name="cn.jpush.android.service.JNotifyActivity"
160-->[:jpush-react-native] AndroidManifest.xml:56:13-68
161            android:exported="true"
161-->[:jpush-react-native] AndroidManifest.xml:57:13-36
162            android:taskAffinity="jpush.custom"
162-->[:jpush-react-native] AndroidManifest.xml:58:13-48
163            android:theme="@android:style/Theme.Translucent.NoTitleBar" >
163-->[:jpush-react-native] AndroidManifest.xml:59:13-72
164            <intent-filter>
164-->[:jpush-react-native] AndroidManifest.xml:60:13-65:29
165                <action android:name="cn.jpush.android.intent.JNotifyActivity" />
165-->[:jpush-react-native] AndroidManifest.xml:61:17-82
165-->[:jpush-react-native] AndroidManifest.xml:61:25-79
166
167                <category android:name="android.intent.category.DEFAULT" /> <!-- Required SDK核心功能 since 4.2.2 -->
167-->[:jpush-react-native] AndroidManifest.xml:51:17-76
167-->[:jpush-react-native] AndroidManifest.xml:51:27-73
168                <category android:name="com.shejiao" />
168-->[:jmessage-react-plugin] AndroidManifest.xml:65:17-61
168-->[:jmessage-react-plugin] AndroidManifest.xml:65:27-58
169            </intent-filter>
170        </activity>
171
172        <receiver
172-->[:jpush-react-native] AndroidManifest.xml:68:9-77:20
173            android:name="cn.jiguang.plugins.push.receiver.JPushModuleReceiver"
173-->[:jpush-react-native] AndroidManifest.xml:69:13-80
174            android:enabled="true"
174-->[:jpush-react-native] AndroidManifest.xml:70:13-35
175            android:exported="false" >
175-->[:jpush-react-native] AndroidManifest.xml:71:13-37
176            <intent-filter>
176-->[:jpush-react-native] AndroidManifest.xml:72:13-76:29
177                <action android:name="cn.jpush.android.intent.RECEIVE_MESSAGE" />
177-->[:jpush-react-native] AndroidManifest.xml:73:17-82
177-->[:jpush-react-native] AndroidManifest.xml:73:25-79
178
179                <category android:name="com.shejiao" />
179-->[:jmessage-react-plugin] AndroidManifest.xml:65:17-61
179-->[:jmessage-react-plugin] AndroidManifest.xml:65:27-58
180            </intent-filter>
181        </receiver>
182        <receiver
182-->[:jpush-react-native] AndroidManifest.xml:78:9-87:20
183            android:name="cn.jiguang.plugins.push.receiver.JPushBroadcastReceiver"
183-->[:jpush-react-native] AndroidManifest.xml:79:13-83
184            android:enabled="true"
184-->[:jpush-react-native] AndroidManifest.xml:80:13-35
185            android:exported="false" >
185-->[:jpush-react-native] AndroidManifest.xml:81:13-37
186            <intent-filter>
186-->[:jpush-react-native] AndroidManifest.xml:82:13-86:29
187                <action android:name="cn.jpush.android.intent.NOTIFICATION_OPENED" />
187-->[:jpush-react-native] AndroidManifest.xml:83:17-86
187-->[:jpush-react-native] AndroidManifest.xml:83:25-83
188
189                <category android:name="com.shejiao" />
189-->[:jmessage-react-plugin] AndroidManifest.xml:65:17-61
189-->[:jmessage-react-plugin] AndroidManifest.xml:65:27-58
190            </intent-filter>
191        </receiver>
192        <receiver
192-->[:jpush-react-native] AndroidManifest.xml:88:9-90:40
193            android:name="cn.jpush.android.service.SchedulerReceiver"
193-->[:jpush-react-native] AndroidManifest.xml:89:13-70
194            android:exported="false" />
194-->[:jpush-react-native] AndroidManifest.xml:90:13-37
195
196        <activity
196-->[:jpush-react-native] AndroidManifest.xml:92:9-103:20
197            android:name="cn.jpush.android.service.DActivity"
197-->[:jpush-react-native] AndroidManifest.xml:93:13-62
198            android:enabled="true"
198-->[:jpush-react-native] AndroidManifest.xml:94:13-35
199            android:exported="true"
199-->[:jpush-react-native] AndroidManifest.xml:95:13-36
200            android:taskAffinity="jpush.custom"
200-->[:jpush-react-native] AndroidManifest.xml:96:13-48
201            android:theme="@android:style/Theme.Translucent.NoTitleBar" >
201-->[:jpush-react-native] AndroidManifest.xml:97:13-72
202            <intent-filter>
202-->[:jpush-react-native] AndroidManifest.xml:98:13-102:29
203                <action android:name="cn.jpush.android.intent.DActivity" />
203-->[:jpush-react-native] AndroidManifest.xml:99:17-76
203-->[:jpush-react-native] AndroidManifest.xml:99:25-73
204
205                <category android:name="com.shejiao" />
205-->[:jmessage-react-plugin] AndroidManifest.xml:65:17-61
205-->[:jmessage-react-plugin] AndroidManifest.xml:65:27-58
206            </intent-filter>
207        </activity>
208
209        <provider
209-->[:react-native-image-crop-picker] AndroidManifest.xml:19:9-27:20
210            android:name="androidx.core.content.FileProvider"
210-->[:react-native-image-crop-picker] AndroidManifest.xml:20:13-62
211            android:authorities="com.shejiao.provider"
211-->[:react-native-image-crop-picker] AndroidManifest.xml:21:13-60
212            android:exported="false"
212-->[:react-native-image-crop-picker] AndroidManifest.xml:22:13-37
213            android:grantUriPermissions="true" >
213-->[:react-native-image-crop-picker] AndroidManifest.xml:23:13-47
214            <meta-data
214-->[:react-native-image-crop-picker] AndroidManifest.xml:24:13-26:58
215                android:name="android.support.FILE_PROVIDER_PATHS"
215-->[:react-native-image-crop-picker] AndroidManifest.xml:25:17-67
216                android:resource="@xml/provider_paths" />
216-->[:react-native-image-crop-picker] AndroidManifest.xml:26:17-55
217        </provider>
218
219        <activity
219-->[:react-native-image-crop-picker] AndroidManifest.xml:29:9-31:72
220            android:name="com.yalantis.ucrop.UCropActivity"
220-->[:react-native-image-crop-picker] AndroidManifest.xml:30:13-60
221            android:theme="@style/Theme.AppCompat.Light.NoActionBar" />
221-->[:react-native-image-crop-picker] AndroidManifest.xml:31:13-69
222
223        <service android:name="com.amap.api.location.APSService" />
223-->[:react-native-amap-geolocation] AndroidManifest.xml:22:9-68
223-->[:react-native-amap-geolocation] AndroidManifest.xml:22:18-65
224    </application>
225
226</manifest>